app/build/intermediates/manifest_merge_blame_file/debug/manifest-merger-blame-debug-report.txt
1<?xml version="1.0" encoding="utf-8"?>
2<manifest xmlns:android="http://schemas.android.com/apk/res/android"
3    package="com.android.rsbandarlampung"
4    android:versionCode="1"
5    android:versionName="1.0" >
6
7    <uses-sdk
8        android:minSdkVersion="21"
8-->src\main\AndroidManifest.xml
9        android:targetSdkVersion="29" />
9-->src\main\AndroidManifest.xml
10
11    <uses-permission android:name="android.permission.INTERNET" />
11-->src\main\AndroidManifest.xml:6:5-67
11-->src\main\AndroidManifest.xml:6:22-64
12    <uses-permission android:name="android.permission.ACCESS_COARSE_LOCATION" />
12-->src\main\AndroidManifest.xml:7:5-81
12-->src\main\AndroidManifest.xml:7:22-78
13    <uses-permission android:name="android.permission.ACCESS_FINE_LOCATION" />
13-->src\main\AndroidManifest.xml:8:5-79
13-->src\main\AndroidManifest.xml:8:22-76
14
15    <!-- Include required permissions for Google Maps API to run. -->
16    <uses-permission android:name="android.permission.ACCESS_NETWORK_STATE" />
16-->[com.google.android.gms:play-services-maps:17.0.1] AndroidManifest.xml:23:5-79
16-->[com.google.android.gms:play-services-maps:17.0.1] AndroidManifest.xml:23:22-76
17
18    <uses-feature
18-->[com.google.android.gms:play-services-maps:17.0.1] AndroidManifest.xml:26:5-28:35
19        android:glEsVersion="0x00020000"
19-->[com.google.android.gms:play-services-maps:17.0.1] AndroidManifest.xml:27:9-41
20        android:required="true" />
20-->[com.google.android.gms:play-services-maps:17.0.1] AndroidManifest.xml:28:9-32
21
22    <queries>
22-->[com.google.android.gms:play-services-maps:17.0.1] AndroidManifest.xml:30:5-34:15
23
24        <!-- Needs to be explicitly declared on Android R+ -->
25        <package android:name="com.google.android.apps.maps" />
25-->[com.google.android.gms:play-services-maps:17.0.1] AndroidManifest.xml:33:9-64
25-->[com.google.android.gms:play-services-maps:17.0.1] AndroidManifest.xml:33:18-61
26    </queries>
27
28    <application
28-->src\main\AndroidManifest.xml:10:5-36:19
29        android:allowBackup="true"
29-->src\main\AndroidManifest.xml:11:13-39
30        android:appComponentFactory="androidx.core.app.CoreComponentFactory"
30-->[androidx.core:core:1.5.0] AndroidManifest.xml:24:18-86
31        android:debuggable="true"
32        android:icon="@drawable/ic_logo_hosloc"
32-->src\main\AndroidManifest.xml:12:13-52
33        android:label="@string/app_name"
33-->src\main\AndroidManifest.xml:13:13-45
34        android:roundIcon="@drawable/ic_logo_hosloc"
34-->src\main\AndroidManifest.xml:14:13-57
35        android:supportsRtl="true"
35-->src\main\AndroidManifest.xml:15:13-39
36        android:testOnly="true"
37        android:theme="@style/Theme.RSBedInfo" >
37-->src\main\AndroidManifest.xml:16:13-51
38        <activity android:name="com.android.rsbandarlampung.aboutActivity" >
38-->src\main\AndroidManifest.xml:17:9-18:20
38-->src\main\AndroidManifest.xml:17:19-75
39        </activity>
40        <activity android:name="com.android.rsbandarlampung.detailActivity" >
40-->src\main\AndroidManifest.xml:19:9-20:20
40-->src\main\AndroidManifest.xml:19:19-76
41        </activity>
42        <activity android:name="com.android.rsbandarlampung.bedActivity" >
42-->src\main\AndroidManifest.xml:21:9-22:20
42-->src\main\AndroidManifest.xml:21:19-73
43        </activity>
44        <activity android:name="com.android.rsbandarlampung.MainActivity" >
44-->src\main\AndroidManifest.xml:23:9-29:20
44-->src\main\AndroidManifest.xml:23:19-74
45            <intent-filter>
45-->src\main\AndroidManifest.xml:24:13-28:29
46                <action android:name="android.intent.action.MAIN" />
46-->src\main\AndroidManifest.xml:25:17-68
46-->src\main\AndroidManifest.xml:25:25-66
47
48                <category android:name="android.intent.category.LAUNCHER" />
48-->src\main\AndroidManifest.xml:27:17-76
48-->src\main\AndroidManifest.xml:27:27-74
49            </intent-filter>
50        </activity>
51
52        <meta-data
52-->src\main\AndroidManifest.xml:30:9-32:69
53            android:name="com.google.android.gms.version"
53-->src\main\AndroidManifest.xml:31:13-58
54            android:value="@integer/google_play_services_version" />
54-->src\main\AndroidManifest.xml:32:13-66
55        <meta-data
55-->src\main\AndroidManifest.xml:33:9-35:71
56            android:name="com.google.android.geo.API_KEY"
56-->src\main\AndroidManifest.xml:34:13-58
57            android:value="AIzaSyCEw3XBQkX9QhlvIbJXyoNpxrFn-3XAuTU" />
57-->src\main\AndroidManifest.xml:35:13-68
58        <!-- Needs to be explicitly declared on P+ -->
59        <uses-library
59-->[com.google.android.gms:play-services-maps:17.0.1] AndroidManifest.xml:39:9-41:40
60            android:name="org.apache.http.legacy"
60-->[com.google.android.gms:play-services-maps:17.0.1] AndroidManifest.xml:40:13-50
61            android:required="false" />
61-->[com.google.android.gms:play-services-maps:17.0.1] AndroidManifest.xml:41:13-37
62
63        <activity
63-->[com.google.android.gms:play-services-base:17.5.0] AndroidManifest.xml:23:9-26:75
64            android:name="com.google.android.gms.common.api.GoogleApiActivity"
64-->[com.google.android.gms:play-services-base:17.5.0] AndroidManifest.xml:24:13-79
65            android:exported="false"
65-->[com.google.android.gms:play-services-base:17.5.0] AndroidManifest.xml:25:13-37
66            android:theme="@android:style/Theme.Translucent.NoTitleBar" />
66-->[com.google.android.gms:play-services-base:17.5.0] AndroidManifest.xml:26:13-72
67    </application>
68
69</manifest>